[debug] [2022-09-03T09:36:22.238Z] ----------------------------------------------------------------------
[debug] [2022-09-03T09:36:22.240Z] Command:       C:\Program Files\nodejs\node.exe C:\Users\nagav\AppData\Roaming\npm\node_modules\firebase-tools\lib\bin\firebase.js init
[debug] [2022-09-03T09:36:22.240Z] CLI Version:   11.8.0
[debug] [2022-09-03T09:36:22.240Z] Platform:      win32
[debug] [2022-09-03T09:36:22.241Z] Node Version:  v16.15.1
[debug] [2022-09-03T09:36:22.242Z] Time:          Sat Sep 03 2022 15:06:22 GMT+0530 (India Standard Time)
[debug] [2022-09-03T09:36:22.242Z] ----------------------------------------------------------------------
[debug] 
[debug] [2022-09-03T09:36:22.250Z] > command requires scopes: ["email","openid","https://www.googleapis.com/auth/cloudplatformprojects.readonly","https://www.googleapis.com/auth/firebase","https://www.googleapis.com/auth/cloud-platform"]
[debug] [2022-09-03T09:36:22.251Z] > authorizing via signed-in user (sandeepkumar0100110@gmail.com)
[info] 
     ######## #### ########  ######## ########     ###     ######  ########
     ##        ##  ##     ## ##       ##     ##  ##   ##  ##       ##
     ######    ##  ########  ######   ########  #########  ######  ######
     ##        ##  ##    ##  ##       ##     ## ##     ##       ## ##
     ##       #### ##     ## ######## ########  ##     ##  ######  ########

You're about to initialize a Firebase project in this directory:

  C:\Sandeep\Projects\react-frontend\movie-land

Before we get started, keep in mind:

  * You are currently outside your home directory

